<?xml version="1.0" encoding="UTF-8"?>
<testsuite xmlns:xsi="http://www.w3.org/2001/XMLSchema-instance" xsi:noNamespaceSchemaLocation="https://maven.apache.org/surefire/maven-surefire-plugin/xsd/surefire-test-report-3.0.xsd" version="3.0" name="runner.TestRun" time="76.732" tests="1" errors="0" skipped="0" failures="0">
  <properties>
[...]
</properties>
  <testcase name="runScenario[&quot;Login functinality with valid username and valid password&quot;, &quot;Login functionality&quot;](1)" classname="runner.TestRun" time="68.126">
    <system-out><![CDATA[
@SmokeTest
Scenario: Login functinality with valid username and valid password &amp#27;[90m# src/test/resources/Business_Logic/Login.feature:8&amp#27;[0m
---------------------Scenario Starts-----------------------
  &amp#27;[32mGiven &amp#27;[0m&amp#27;[32muser opens &amp#27;[0m&amp#27;[32m&amp#27;[1m"chrome"&amp#27;[0m&amp#27;[32m chrome browser&amp#27;[0m                          &amp#27;[90m# mapping.Login.bLaunch1(java.lang.String)&amp#27;[0m
  &amp#27;[32mGiven &amp#27;[0m&amp#27;[32muser enter url&amp#27;[0m                                              &amp#27;[90m# mapping.Login.openApp1()&amp#27;[0m
  &amp#27;[32mWhen &amp#27;[0m&amp#27;[32muser enter &amp#27;[0m&amp#27;[32m&amp#27;[1m"Admin"&amp#27;[0m&amp#27;[32m as username&amp#27;[0m                               &amp#27;[90m# mapping.Login.user_enter_as_username(java.lang.String)&amp#27;[0m
  &amp#27;[32mWhen &amp#27;[0m&amp#27;[32muser enter &amp#27;[0m&amp#27;[32m&amp#27;[1m"admin123"&amp#27;[0m&amp#27;[32m as password&amp#27;[0m                            &amp#27;[90m# mapping.Login.user_enter_as_password(java.lang.String)&amp#27;[0m
  &amp#27;[32mWhen &amp#27;[0m&amp#27;[32muser click on  login button&amp#27;[0m                                  &amp#27;[90m# mapping.Login.user_click_on_login_button()&amp#27;[0m
Test Case Pass
  &amp#27;[32mThen &amp#27;[0m&amp#27;[32mApplication shows user profile to  user&amp#27;[0m                      &amp#27;[90m# mapping.Login.application_shows_user_profile_to_user()&amp#27;[0m
---------------------Scenario Ends-----------------------
]]></system-out>
    <system-err><![CDATA[SLF4J: Failed to load class "org.slf4j.impl.StaticLoggerBinder".
SLF4J: Defaulting to no-operation (NOP) logger implementation
SLF4J: See http://www.slf4j.org/codes.html#StaticLoggerBinder for further details.
Sep 27, 2025 5:27:18 PM org.openqa.selenium.devtools.CdpVersionFinder findNearestMatch
WARNING: Unable to find an exact match for CDP version 140, returning the closest version; found: 139; Please update to a Selenium version that supports CDP version 140
]]></system-err>
  </testcase>
</testsuite>